2025-04-17T14:20:32.265793100 [INFO] Client connected: /0:0:0:0:0:0:0:1
2025-04-17T14:20:32.266295500 [INFO] Request: GET /index.html HTTP/1.1
2025-04-17T14:20:32.267303200 [WARN] File not found: /index.html
2025-04-17T14:20:51.227755600 [INFO] Request: GET / HTTP/1.1
2025-04-17T14:20:51.229254 [WARN] File not found: /index.html
2025-04-17T14:20:51.233255100 [INFO] Client connected: /0:0:0:0:0:0:0:1
2025-04-17T14:20:51.233753800 [INFO] Client connected: /0:0:0:0:0:0:0:1
2025-04-17T14:22:00.173195500 [INFO] Starting server on port 8080
2025-04-17T14:22:03.208808800 [INFO] Client connected: /0:0:0:0:0:0:0:1
2025-04-17T14:22:03.210307100 [INFO] Client connected: /0:0:0:0:0:0:0:1
2025-04-17T14:22:03.215315500 [INFO] Request: GET / HTTP/1.1
2025-04-17T14:22:03.220815200 [WARN] File not found: ./www/index.html
2025-04-17T14:22:04.108635800 [INFO] Request: GET / HTTP/1.1
2025-04-17T14:22:04.109644400 [WARN] File not found: ./www/index.html
2025-04-17T14:22:04.114637300 [INFO] Client connected: /0:0:0:0:0:0:0:1
2025-04-17T14:22:04.115137800 [INFO] Client connected: /0:0:0:0:0:0:0:1
2025-04-17T14:22:04.362700400 [INFO] Request: GET / HTTP/1.1
2025-04-17T14:22:04.363702600 [WARN] File not found: ./www/index.html
2025-04-17T14:22:04.517847200 [INFO] Request: GET / HTTP/1.1
2025-04-17T14:22:04.518848500 [WARN] File not found: ./www/index.html
2025-04-17T14:22:04.521848 [INFO] Client connected: /0:0:0:0:0:0:0:1
2025-04-17T14:22:04.521848 [INFO] Client connected: /0:0:0:0:0:0:0:1
2025-04-17T14:22:04.687854900 [INFO] Request: GET / HTTP/1.1
2025-04-17T14:22:04.688347400 [WARN] File not found: ./www/index.html
2025-04-17T14:22:04.692862200 [INFO] Client connected: /0:0:0:0:0:0:0:1
2025-04-17T14:22:04.828888200 [INFO] Request: GET / HTTP/1.1
2025-04-17T14:22:04.829889600 [WARN] File not found: ./www/index.html
2025-04-17T14:22:04.835397600 [INFO] Client connected: /0:0:0:0:0:0:0:1
2025-04-17T14:22:04.961112900 [INFO] Request: GET / HTTP/1.1
2025-04-17T14:22:04.962114900 [WARN] File not found: ./www/index.html
2025-04-17T14:22:04.968577300 [INFO] Client connected: /0:0:0:0:0:0:0:1
2025-04-17T14:22:56.271808200 [INFO] Request: GET / HTTP/1.1
2025-04-17T14:22:56.273310400 [WARN] File not found: ./www/index.html
2025-04-17T14:22:57.348506400 [INFO] Request: GET / HTTP/1.1
2025-04-17T14:22:57.349506800 [WARN] File not found: ./www/index.html
2025-04-17T14:22:57.351509800 [INFO] Client connected: /0:0:0:0:0:0:0:1
2025-04-17T14:22:58.559014400 [INFO] Request: GET / HTTP/1.1
2025-04-17T14:22:58.560011100 [WARN] File not found: ./www/index.html
2025-04-17T14:22:58.563509200 [INFO] Client connected: /0:0:0:0:0:0:0:1
2025-04-17T14:22:58.563509200 [INFO] Client connected: /0:0:0:0:0:0:0:1
2025-04-17T14:23:09.656894400 [INFO] Starting server on port 8080
2025-04-17T14:23:13.487567700 [INFO] Client connected: /0:0:0:0:0:0:0:1
2025-04-17T14:23:13.489568400 [INFO] Client connected: /0:0:0:0:0:0:0:1
2025-04-17T14:23:13.495084500 [INFO] Request: GET / HTTP/1.1
2025-04-17T14:23:13.500580100 [WARN] File not found: ../www/index.html
2025-04-17T14:23:14.577717500 [INFO] Request: GET / HTTP/1.1
2025-04-17T14:23:14.578227300 [WARN] File not found: ../www/index.html
2025-04-17T14:23:14.579724300 [INFO] Client connected: /0:0:0:0:0:0:0:1
2025-04-17T14:23:15.075064500 [INFO] Request: GET / HTTP/1.1
2025-04-17T14:23:15.076065 [WARN] File not found: ../www/index.html
2025-04-17T14:23:15.077065 [INFO] Client connected: /0:0:0:0:0:0:0:1
2025-04-17T14:23:15.479087200 [INFO] Client connected: /0:0:0:0:0:0:0:1
2025-04-17T14:23:15.479588900 [INFO] Request: GET / HTTP/1.1
2025-04-17T14:23:15.485862500 [WARN] File not found: ../www/index.html
2025-04-17T14:23:23.534820500 [INFO] Request: GET /index.html HTTP/1.1
2025-04-17T14:23:23.535315800 [INFO] Client connected: /0:0:0:0:0:0:0:1
2025-04-17T14:23:23.536315400 [WARN] File not found: /index.html
2025-04-17T14:25:09.485147800 [INFO] Starting server on port 8080
2025-04-17T14:25:14.160906900 [INFO] Client connected: /0:0:0:0:0:0:0:1
2025-04-17T14:25:14.162907300 [INFO] Client connected: /0:0:0:0:0:0:0:1
2025-04-17T14:25:14.167417800 [INFO] Request: GET /index.html HTTP/1.1
2025-04-17T14:25:14.174413100 [WARN] Blocked directory traversal: /index.html
2025-04-17T14:25:18.630552300 [INFO] Request: GET /i HTTP/1.1
2025-04-17T14:25:18.631054 [INFO] Client connected: /0:0:0:0:0:0:0:1
2025-04-17T14:25:18.631554900 [WARN] Blocked directory traversal: /i
2025-04-17T14:25:23.388681600 [INFO] Request: GET / HTTP/1.1
2025-04-17T14:25:23.389181500 [WARN] Blocked directory traversal: ../www/index.html
2025-04-17T14:25:23.395202800 [INFO] Client connected: /0:0:0:0:0:0:0:1
2025-04-17T14:25:23.395202800 [INFO] Client connected: /0:0:0:0:0:0:0:1
2025-04-17T14:27:24.173511800 [INFO] Starting server on port 8080
2025-04-17T14:27:26.782148600 [INFO] Client connected: /0:0:0:0:0:0:0:1
2025-04-17T14:27:26.783648800 [INFO] Client connected: /0:0:0:0:0:0:0:1
2025-04-17T14:27:26.786605300 [INFO] Request: GET / HTTP/1.1
2025-04-17T14:27:26.817662200 [INFO] Served file: ../www/index.html
2025-04-17T14:27:30.642072600 [INFO] Request: POST /submit.html HTTP/1.1
2025-04-17T14:27:30.648085600 [INFO] Client connected: /0:0:0:0:0:0:0:1
2025-04-17T14:27:30.649091800 [INFO] Client connected: /0:0:0:0:0:0:0:1
2025-04-17T14:27:30.649586200 [INFO] Request: GET /www/submit.html HTTP/1.1
2025-04-17T14:27:30.650487500 [INFO] Form data saved to: ../submissions/submission-1744896450644.txt
2025-04-17T14:27:30.652992 [WARN] File not found: /www/submit.html
2025-04-17T14:29:55.517632200 [INFO] Starting server on port 8080
2025-04-17T14:29:59.169731600 [INFO] Client connected: /0:0:0:0:0:0:0:1
2025-04-17T14:29:59.174734500 [INFO] Client connected: /0:0:0:0:0:0:0:1
2025-04-17T14:29:59.175731600 [INFO] Request: POST /submit.html HTTP/1.1
2025-04-17T14:29:59.181168900 [INFO] Request: GET /submit.html HTTP/1.1
2025-04-17T14:29:59.186907 [INFO] Form data saved to: ../submissions/submission-1744896599177.txt
2025-04-17T14:29:59.188715800 [INFO] Served file: /submit.html
2025-04-17T14:30:01.362067200 [INFO] Client connected: /0:0:0:0:0:0:0:1
2025-04-17T14:30:01.364068100 [INFO] Request: GET / HTTP/1.1
2025-04-17T14:30:01.366068700 [INFO] Client connected: /0:0:0:0:0:0:0:1
2025-04-17T14:30:01.367087900 [INFO] Served file: ../www/index.html
2025-04-17T14:30:03.807561200 [INFO] Request: POST /submit.html HTTP/1.1
2025-04-17T14:30:03.809060900 [INFO] Form data saved to: ../submissions/submission-1744896603808.txt
2025-04-17T14:30:03.812561400 [INFO] Client connected: /0:0:0:0:0:0:0:1
2025-04-17T14:30:03.813061200 [INFO] Client connected: /0:0:0:0:0:0:0:1
2025-04-17T14:30:03.813560200 [INFO] Request: GET /submit.html HTTP/1.1
2025-04-17T14:30:03.814560400 [INFO] Served file: /submit.html
2025-04-17T14:31:18.124375900 [INFO] Client connected: /0:0:0:0:0:0:0:1
2025-04-17T14:31:18.125375700 [INFO] Client connected: /0:0:0:0:0:0:0:1
2025-04-17T14:31:18.125876600 [INFO] Request: GET /submit.html HTTP/1.1
2025-04-17T14:31:18.129384700 [INFO] Served file: /submit.html
2025-04-17T14:31:19.102366600 [INFO] Request: GET /submit.html HTTP/1.1
2025-04-17T14:31:19.102863800 [INFO] Served file: /submit.html
2025-04-17T14:31:19.106864800 [INFO] Client connected: /0:0:0:0:0:0:0:1
2025-04-17T14:31:19.107366800 [INFO] Client connected: /0:0:0:0:0:0:0:1
2025-04-17T14:31:21.400814200 [INFO] Request: POST /submit.html HTTP/1.1
2025-04-17T14:31:21.403317100 [INFO] Form data saved to: ../submissions/submission-1744896681401.txt
2025-04-17T14:31:21.406818900 [INFO] Client connected: /0:0:0:0:0:0:0:1
2025-04-17T14:31:21.406818900 [INFO] Request: GET /submit.html HTTP/1.1
2025-04-17T14:31:21.407826300 [INFO] Served file: /submit.html
2025-04-17T14:31:47.522645700 [INFO] Request: POST /submit.html HTTP/1.1
2025-04-17T14:31:47.524644100 [INFO] Form data saved to: ../submissions/submission-1744896707523.txt
2025-04-17T14:31:47.528645900 [INFO] Client connected: /0:0:0:0:0:0:0:1
2025-04-17T14:31:47.529145600 [INFO] Client connected: /0:0:0:0:0:0:0:1
2025-04-17T14:31:47.529728200 [INFO] Request: GET /submit.html HTTP/1.1
2025-04-17T14:31:47.532243100 [INFO] Served file: /submit.html
2025-04-17T14:33:03.518247800 [INFO] Client connected: /0:0:0:0:0:0:0:1
2025-04-17T14:33:03.519097900 [INFO] Request: GET /submit.html HTTP/1.1
2025-04-17T14:33:03.521575700 [INFO] Served file: /submit.html
2025-04-17T14:33:03.527501900 [INFO] Client connected: /0:0:0:0:0:0:0:1
2025-04-17T14:33:03.528000400 [INFO] Client connected: /0:0:0:0:0:0:0:1
2025-04-17T14:33:03.634682900 [INFO] Request: GET /favicon.ico HTTP/1.1
2025-04-17T14:33:03.635682700 [WARN] File not found: /favicon.ico
2025-04-17T14:33:03.705179600 [INFO] Client connected: /0:0:0:0:0:0:0:1
2025-04-17T14:33:03.705679600 [INFO] Request: GET /submit.html HTTP/1.1
2025-04-17T14:33:03.708133200 [INFO] Served file: /submit.html
2025-04-17T14:33:08.972357 [INFO] Request: GET / HTTP/1.1
2025-04-17T14:33:08.973365200 [INFO] Served file: ../www/index.html
2025-04-17T14:33:08.978871700 [INFO] Client connected: /0:0:0:0:0:0:0:1
2025-04-17T14:33:08.979371200 [INFO] Client connected: /0:0:0:0:0:0:0:1
2025-04-17T14:33:09.017856900 [INFO] Client connected: /0:0:0:0:0:0:0:1
2025-04-17T14:33:09.020355800 [INFO] Request: GET / HTTP/1.1
2025-04-17T14:33:09.022855600 [INFO] Served file: ../www/index.html
2025-04-17T14:33:33.318882800 [INFO] Request: POST /submit.html HTTP/1.1
2025-04-17T14:33:33.320381900 [INFO] Form data saved to: ../submissions/submission-1744896813319.txt
2025-04-17T14:33:33.323395600 [INFO] Request: GET /submit.html HTTP/1.1
2025-04-17T14:33:33.324395800 [INFO] Client connected: /0:0:0:0:0:0:0:1
2025-04-17T14:33:33.324896700 [INFO] Served file: /submit.html
2025-04-17T14:33:33.364494600 [INFO] Client connected: /0:0:0:0:0:0:0:1
2025-04-17T14:33:33.365998800 [INFO] Request: GET /submit.html HTTP/1.1
2025-04-17T14:33:33.368281300 [INFO] Served file: /submit.html
2025-04-17T14:33:51.606042200 [INFO] Client connected: /0:0:0:0:0:0:0:1
2025-04-17T14:33:51.607543300 [INFO] Request: POST /submit.html HTTP/1.1
2025-04-17T14:33:51.608546800 [INFO] Client connected: /0:0:0:0:0:0:0:1
2025-04-17T14:33:51.612854200 [INFO] Form data saved to: ../submissions/submission-1744896831608.txt
2025-04-17T14:33:51.617237900 [INFO] Request: GET /submit.html HTTP/1.1
2025-04-17T14:33:51.618238400 [INFO] Served file: /submit.html
